<?xml version="1.0" encoding="UTF-8"?>
<testng-results ignored="0" total="3" passed="3" failed="0" skipped="0">
  <reporter-output>
  </reporter-output>
  <suite started-at="2025-12-15T00:25:28 IST" name="Default suite" finished-at="2025-12-15T00:25:46 IST" duration-ms="17980">
    <groups>
      <group name="cucumber">
        <method signature="AbstractTestNGCucumberTests.runScenario(io.cucumber.testng.PickleWrapper,io.cucumber.testng.FeatureWrapper)[pri:0, instance:cucumberOptions.TestNGTestRunner@37883b97]" name="runScenario" class="io.cucumber.testng.AbstractTestNGCucumberTests"/>
      </group> <!-- cucumber -->
    </groups>
    <test started-at="2025-12-15T00:25:28 IST" name="Default test" finished-at="2025-12-15T00:25:46 IST" duration-ms="17980">
      <class name="cucumberOptions.TestNGTestRunner">
        <test-method is-config="true" signature="setUpClass(org.testng.ITestContext)[pri:0, instance:cucumberOptions.TestNGTestRunner@37883b97]" started-at="2025-12-15T00:25:28 IST" name="setUpClass" finished-at="2025-12-15T00:25:29 IST" duration-ms="552" status="PASS">
          <params>
            <param index="0">
              <value>
                <![CDATA[org.testng.TestRunner@62f9c790]]>
              </value>
            </param>
          </params>
          <reporter-output>
          </reporter-output>
        </test-method> <!-- setUpClass -->
        <test-method signature="runScenario(io.cucumber.testng.PickleWrapper,io.cucumber.testng.FeatureWrapper)[pri:0, instance:cucumberOptions.TestNGTestRunner@37883b97]" started-at="2025-12-15T00:25:29 IST" name="runScenario" description="Runs Cucumber Scenarios" data-provider="scenarios" finished-at="2025-12-15T00:25:35 IST" duration-ms="5939" status="PASS">
          <params>
            <param index="0">
              <value>
                <![CDATA["Verify that the Sign In button is clickable"]]>
              </value>
            </param>
            <param index="1">
              <value>
                <![CDATA["Student will Enter the credentials and login to the application."]]>
              </value>
            </param>
          </params>
          <reporter-output>
          </reporter-output>
        </test-method> <!-- runScenario -->
        <test-method signature="runScenario(io.cucumber.testng.PickleWrapper,io.cucumber.testng.FeatureWrapper)[pri:0, instance:cucumberOptions.TestNGTestRunner@37883b97]" started-at="2025-12-15T00:25:35 IST" name="runScenario" description="Runs Cucumber Scenarios" data-provider="scenarios" finished-at="2025-12-15T00:25:41 IST" duration-ms="6113" status="PASS">
          <params>
            <param index="0">
              <value>
                <![CDATA["Verify that the Remember me is textbox is clickable or not"]]>
              </value>
            </param>
            <param index="1">
              <value>
                <![CDATA["Student will Enter the credentials and login to the application."]]>
              </value>
            </param>
          </params>
          <reporter-output>
          </reporter-output>
        </test-method> <!-- runScenario -->
        <test-method signature="runScenario(io.cucumber.testng.PickleWrapper,io.cucumber.testng.FeatureWrapper)[pri:0, instance:cucumberOptions.TestNGTestRunner@37883b97]" started-at="2025-12-15T00:25:41 IST" name="runScenario" description="Runs Cucumber Scenarios" data-provider="scenarios" finished-at="2025-12-15T00:25:46 IST" duration-ms="5120" status="PASS">
          <params>
            <param index="0">
              <value>
                <![CDATA["Check weather SiginUp button is enabled and displayed or not"]]>
              </value>
            </param>
            <param index="1">
              <value>
                <![CDATA["Student will Enter the credentials and login to the application."]]>
              </value>
            </param>
          </params>
          <reporter-output>
          </reporter-output>
        </test-method> <!-- runScenario -->
        <test-method is-config="true" signature="tearDownClass()[pri:0, instance:cucumberOptions.TestNGTestRunner@37883b97]" started-at="2025-12-15T00:25:46 IST" name="tearDownClass" finished-at="2025-12-15T00:25:46 IST" duration-ms="221" status="PASS">
          <reporter-output>
          </reporter-output>
        </test-method> <!-- tearDownClass -->
      </class> <!-- cucumberOptions.TestNGTestRunner -->
    </test> <!-- Default test -->
  </suite> <!-- Default suite -->
</testng-results>
