<?xml version="1.0" encoding="UTF-8"?>
<!-- Generated by org.testng.reporters.JUnitReportReporter -->
<testsuite hostname="SUFIYAN" failures="0" tests="3" name="cucumberOptions.TestNGTestRunner" time="17.172" errors="0" timestamp="2025-12-15T00:25:46 IST" skipped="0">
  <testcase classname="cucumberOptions.TestNGTestRunner" name="runScenario" time="5.939"/>
  <testcase classname="cucumberOptions.TestNGTestRunner" name="runScenario" time="5.120"/>
  <testcase classname="cucumberOptions.TestNGTestRunner" name="runScenario" time="6.113"/>
</testsuite> <!-- cucumberOptions.TestNGTestRunner -->
